[NX Daemon Server] - 2024-01-16T01:20:13.047Z - Started listening on: \\.\pipe\nx\C:\Users\Disto\AppData\Local\Temp\7ca5b36e66ddc1ad301e\d.sock
[NX Daemon Server] - 2024-01-16T01:20:13.052Z - [WATCHER]: Subscribed to changes within: c:\Users\Disto\OneDrive\Рабочий стол\Projects\cv (native)
[NX Daemon Server] - 2024-01-16T01:20:13.054Z - Established a connection. Number of open connections: 1
[NX Daemon Server] - 2024-01-16T01:20:13.056Z - Established a connection. Number of open connections: 2
[NX Daemon Server] - 2024-01-16T01:20:13.058Z - Closed a connection. Number of open connections: 1
[NX Daemon Server] - 2024-01-16T01:20:13.071Z - [REQUEST]: Client Request for Project Graph Received
[NX Daemon Server] - 2024-01-16T01:20:13.160Z - [REQUEST]: Updated file-hasher based on watched changes, recomputing project graph...
[NX Daemon Server] - 2024-01-16T01:20:13.161Z - [REQUEST]: 
[NX Daemon Server] - 2024-01-16T01:20:13.162Z - [REQUEST]: 
[NX Daemon Server] - 2024-01-16T01:20:13.485Z - [REQUEST]: Responding to the client. project-graph
[NX Daemon Server] - 2024-01-16T01:20:13.487Z - Time taken for 'total for creating and serializing project graph' 413.7662999997847ms
[NX Daemon Server] - 2024-01-16T01:20:13.487Z - Done responding to the client project-graph
[NX Daemon Server] - 2024-01-16T01:20:13.487Z - Handled REQUEST_PROJECT_GRAPH. Handling time: 414. Response time: 2.
[NX Daemon Server] - 2024-01-16T01:20:13.498Z - Established a connection. Number of open connections: 2
[NX Daemon Server] - 2024-01-16T01:20:13.498Z - Established a connection. Number of open connections: 3
[NX Daemon Server] - 2024-01-16T01:20:13.498Z - Closed a connection. Number of open connections: 2
[NX Daemon Server] - 2024-01-16T01:20:13.498Z - Closed a connection. Number of open connections: 1
[NX Daemon Server] - 2024-01-16T01:20:13.501Z - [REQUEST]: Responding to the client. handleRequestFileData
[NX Daemon Server] - 2024-01-16T01:20:13.502Z - Done responding to the client handleRequestFileData
[NX Daemon Server] - 2024-01-16T01:20:13.502Z - Handled REQUEST_FILE_DATA. Handling time: 1. Response time: 1.
[NX Daemon Server] - 2024-01-16T01:20:14.998Z - Established a connection. Number of open connections: 2
[NX Daemon Server] - 2024-01-16T01:20:14.999Z - Closed a connection. Number of open connections: 1
[NX Daemon Server] - 2024-01-16T01:20:14.999Z - Established a connection. Number of open connections: 2
[NX Daemon Server] - 2024-01-16T01:20:15.003Z - [REQUEST]: Client Request for Project Graph Received
[NX Daemon Server] - 2024-01-16T01:20:15.003Z - [REQUEST]: Responding to the client. project-graph
[NX Daemon Server] - 2024-01-16T01:20:15.006Z - Time taken for 'total for creating and serializing project graph' 0.4631000002846122ms
[NX Daemon Server] - 2024-01-16T01:20:15.007Z - Done responding to the client project-graph
[NX Daemon Server] - 2024-01-16T01:20:15.007Z - Handled REQUEST_PROJECT_GRAPH. Handling time: 0. Response time: 4.
[NX Daemon Server] - 2024-01-16T01:20:15.029Z - [REQUEST]: Client Request for Project Graph Received
[NX Daemon Server] - 2024-01-16T01:20:15.030Z - [REQUEST]: Responding to the client. project-graph
[NX Daemon Server] - 2024-01-16T01:20:15.031Z - Time taken for 'total for creating and serializing project graph' 0.27020000014454126ms
[NX Daemon Server] - 2024-01-16T01:20:15.031Z - Done responding to the client project-graph
[NX Daemon Server] - 2024-01-16T01:20:15.031Z - Handled REQUEST_PROJECT_GRAPH. Handling time: 1. Response time: 1.
[NX Daemon Server] - 2024-01-16T01:20:15.042Z - [REQUEST]: Client Request for Project Graph Received
[NX Daemon Server] - 2024-01-16T01:20:15.042Z - [REQUEST]: Responding to the client. project-graph
[NX Daemon Server] - 2024-01-16T01:20:15.044Z - Time taken for 'total for creating and serializing project graph' 0.20779999997466803ms
[NX Daemon Server] - 2024-01-16T01:20:15.044Z - Done responding to the client project-graph
[NX Daemon Server] - 2024-01-16T01:20:15.044Z - Handled REQUEST_PROJECT_GRAPH. Handling time: 0. Response time: 2.
[NX Daemon Server] - 2024-01-16T01:20:15.148Z - [REQUEST]: Responding to the client. handleRequestFileData
[NX Daemon Server] - 2024-01-16T01:20:15.149Z - Done responding to the client handleRequestFileData
[NX Daemon Server] - 2024-01-16T01:20:15.149Z - Handled REQUEST_FILE_DATA. Handling time: 0. Response time: 1.
[NX Daemon Server] - 2024-01-16T01:20:15.298Z - Closed a connection. Number of open connections: 1
[NX Daemon Server] - 2024-01-16T01:20:32.929Z - Established a connection. Number of open connections: 2
[NX Daemon Server] - 2024-01-16T01:20:32.929Z - Closed a connection. Number of open connections: 1
[NX Daemon Server] - 2024-01-16T01:20:32.930Z - Established a connection. Number of open connections: 2
[NX Daemon Server] - 2024-01-16T01:20:32.933Z - [REQUEST]: Client Request for Project Graph Received
[NX Daemon Server] - 2024-01-16T01:20:32.933Z - [REQUEST]: Responding to the client. project-graph
[NX Daemon Server] - 2024-01-16T01:20:32.935Z - Time taken for 'total for creating and serializing project graph' 0.2591999997384846ms
[NX Daemon Server] - 2024-01-16T01:20:32.935Z - Done responding to the client project-graph
[NX Daemon Server] - 2024-01-16T01:20:32.935Z - Handled REQUEST_PROJECT_GRAPH. Handling time: 0. Response time: 2.
[NX Daemon Server] - 2024-01-16T01:20:33.033Z - [REQUEST]: Responding to the client. handleHashTasks
[NX Daemon Server] - 2024-01-16T01:20:33.034Z - Done responding to the client handleHashTasks
[NX Daemon Server] - 2024-01-16T01:20:33.034Z - Handled HASH_TASKS. Handling time: 39. Response time: 1.
[NX Daemon Server] - 2024-01-16T01:20:34.061Z - [REQUEST]: Client Request for Project Graph Received
[NX Daemon Server] - 2024-01-16T01:20:34.061Z - [REQUEST]: Responding to the client. project-graph
[NX Daemon Server] - 2024-01-16T01:20:34.063Z - Time taken for 'total for creating and serializing project graph' 0.2821999997831881ms
[NX Daemon Server] - 2024-01-16T01:20:34.063Z - Done responding to the client project-graph
[NX Daemon Server] - 2024-01-16T01:20:34.063Z - Handled REQUEST_PROJECT_GRAPH. Handling time: 0. Response time: 2.
[NX Daemon Server] - 2024-01-16T01:20:34.068Z - Closed a connection. Number of open connections: 1
[NX Daemon Server] - 2024-01-16T01:20:34.069Z - Established a connection. Number of open connections: 2
[NX Daemon Server] - 2024-01-16T01:20:34.070Z - Closed a connection. Number of open connections: 1
[NX Daemon Server] - 2024-01-16T01:20:34.070Z - Established a connection. Number of open connections: 2
[NX Daemon Server] - 2024-01-16T01:20:34.073Z - [REQUEST]: Responding to the client. handleRequestFileData
[NX Daemon Server] - 2024-01-16T01:20:34.073Z - Done responding to the client handleRequestFileData
[NX Daemon Server] - 2024-01-16T01:20:34.073Z - Handled REQUEST_FILE_DATA. Handling time: 2. Response time: 0.
[NX Daemon Server] - 2024-01-16T01:20:34.163Z - [REQUEST]: Responding to the client. recordOutputsHash
[NX Daemon Server] - 2024-01-16T01:20:34.164Z - Done responding to the client recordOutputsHash
[NX Daemon Server] - 2024-01-16T01:20:34.164Z - Handled RECORD_OUTPUTS_HASH. Handling time: 0. Response time: 1.
[NX Daemon Server] - 2024-01-16T01:20:34.714Z - [REQUEST]: Responding to the client. PROCESS_IN_BACKGROUND
[NX Daemon Server] - 2024-01-16T01:20:34.715Z - Done responding to the client PROCESS_IN_BACKGROUND
[NX Daemon Server] - 2024-01-16T01:20:34.715Z - Handled PROCESS_IN_BACKGROUND. Handling time: 413. Response time: 1.
[NX Daemon Server] - 2024-01-16T01:20:34.719Z - Closed a connection. Number of open connections: 1
[NX Daemon Server] - 2024-01-16T01:20:34.719Z - Uploading file artifacts
[NX Daemon Server] - 2024-01-16T01:20:34.720Z - Done uploading file artifacts
[NX Daemon Server] - 2024-01-16T01:20:34.720Z - Sending EndRun request
[NX Daemon Server] - 2024-01-16T01:20:34.963Z - Error when sending EndRun
Error: This workspace is more than a week old and is unclaimed. Workspaces must be claimed within 7 days of creation. Claim your workspace at https://cloud.nx.app/orgs/workspace-setup?accessToken=MDZkZjk1N2MtYjdmNC00ZTNiLWE1OGQtOTNhZjAyOTZjZmNhfHJlYWQtd3JpdGU=
    at Timeout._onTimeout (C:\Users\Disto\OneDrive\Рабочий стол\Projects\cv\.nx\cache\cloud\2401.03.1\lib\daemon\process-run-end.js:16:5434)
    at process.processTicksAndRejections (node:internal/process/task_queues:95:5)
[NX Daemon Server] - 2024-01-16T01:20:35.806Z - Established a connection. Number of open connections: 2
[NX Daemon Server] - 2024-01-16T01:20:35.806Z - Closed a connection. Number of open connections: 1
[NX Daemon Server] - 2024-01-16T01:20:35.807Z - Established a connection. Number of open connections: 2
[NX Daemon Server] - 2024-01-16T01:20:35.810Z - [REQUEST]: Client Request for Project Graph Received
[NX Daemon Server] - 2024-01-16T01:20:35.810Z - [REQUEST]: Responding to the client. project-graph
[NX Daemon Server] - 2024-01-16T01:20:35.812Z - Time taken for 'total for creating and serializing project graph' 0.3013999997638166ms
[NX Daemon Server] - 2024-01-16T01:20:35.812Z - Done responding to the client project-graph
[NX Daemon Server] - 2024-01-16T01:20:35.812Z - Handled REQUEST_PROJECT_GRAPH. Handling time: 0. Response time: 2.
[NX Daemon Server] - 2024-01-16T01:20:35.835Z - [REQUEST]: Client Request for Project Graph Received
[NX Daemon Server] - 2024-01-16T01:20:35.836Z - [REQUEST]: Responding to the client. project-graph
[NX Daemon Server] - 2024-01-16T01:20:35.837Z - Time taken for 'total for creating and serializing project graph' 0.1822999999858439ms
[NX Daemon Server] - 2024-01-16T01:20:35.837Z - Done responding to the client project-graph
[NX Daemon Server] - 2024-01-16T01:20:35.837Z - Handled REQUEST_PROJECT_GRAPH. Handling time: 0. Response time: 2.
[NX Daemon Server] - 2024-01-16T01:20:35.845Z - [REQUEST]: Client Request for Project Graph Received
[NX Daemon Server] - 2024-01-16T01:20:35.846Z - [REQUEST]: Responding to the client. project-graph
[NX Daemon Server] - 2024-01-16T01:20:35.847Z - Time taken for 'total for creating and serializing project graph' 0.18910000007599592ms
[NX Daemon Server] - 2024-01-16T01:20:35.847Z - Done responding to the client project-graph
[NX Daemon Server] - 2024-01-16T01:20:35.847Z - Handled REQUEST_PROJECT_GRAPH. Handling time: 1. Response time: 1.
[NX Daemon Server] - 2024-01-16T01:20:35.945Z - [REQUEST]: Responding to the client. handleRequestFileData
[NX Daemon Server] - 2024-01-16T01:20:35.945Z - Done responding to the client handleRequestFileData
[NX Daemon Server] - 2024-01-16T01:20:35.945Z - Handled REQUEST_FILE_DATA. Handling time: 1. Response time: 0.
[NX Daemon Server] - 2024-01-16T01:20:36.083Z - Closed a connection. Number of open connections: 1
[NX Daemon Server] - 2024-01-16T01:21:48.177Z - Established a connection. Number of open connections: 2
[NX Daemon Server] - 2024-01-16T01:21:48.178Z - Closed a connection. Number of open connections: 1
[NX Daemon Server] - 2024-01-16T01:21:48.178Z - Established a connection. Number of open connections: 2
[NX Daemon Server] - 2024-01-16T01:21:48.181Z - [REQUEST]: Client Request for Project Graph Received
[NX Daemon Server] - 2024-01-16T01:21:48.182Z - [REQUEST]: Responding to the client. project-graph
[NX Daemon Server] - 2024-01-16T01:21:48.183Z - Time taken for 'total for creating and serializing project graph' 0.3636999996379018ms
[NX Daemon Server] - 2024-01-16T01:21:48.184Z - Done responding to the client project-graph
[NX Daemon Server] - 2024-01-16T01:21:48.184Z - Handled REQUEST_PROJECT_GRAPH. Handling time: 1. Response time: 2.
[NX Daemon Server] - 2024-01-16T01:21:48.246Z - [REQUEST]: Responding to the client. handleHashTasks
[NX Daemon Server] - 2024-01-16T01:21:48.246Z - Done responding to the client handleHashTasks
[NX Daemon Server] - 2024-01-16T01:21:48.246Z - Handled HASH_TASKS. Handling time: 3. Response time: 0.
[NX Daemon Server] - 2024-01-16T01:21:48.543Z - [REQUEST]: Responding to the client. recordOutputsHash
[NX Daemon Server] - 2024-01-16T01:21:48.543Z - Done responding to the client recordOutputsHash
[NX Daemon Server] - 2024-01-16T01:21:48.543Z - Handled RECORD_OUTPUTS_HASH. Handling time: 0. Response time: 0.
[NX Daemon Server] - 2024-01-16T01:21:48.678Z - [REQUEST]: Responding to the client. PROCESS_IN_BACKGROUND
[NX Daemon Server] - 2024-01-16T01:21:48.678Z - Uploading file artifacts
[NX Daemon Server] - 2024-01-16T01:21:48.678Z - Done uploading file artifacts
[NX Daemon Server] - 2024-01-16T01:21:48.678Z - Sending EndRun request
[NX Daemon Server] - 2024-01-16T01:21:48.678Z - Done responding to the client PROCESS_IN_BACKGROUND
[NX Daemon Server] - 2024-01-16T01:21:48.678Z - Handled PROCESS_IN_BACKGROUND. Handling time: 36. Response time: 0.
[NX Daemon Server] - 2024-01-16T01:21:48.682Z - Closed a connection. Number of open connections: 1
[NX Daemon Server] - 2024-01-16T01:21:48.891Z - Error when sending EndRun
Error: This workspace is more than a week old and is unclaimed. Workspaces must be claimed within 7 days of creation. Claim your workspace at https://cloud.nx.app/orgs/workspace-setup?accessToken=MDZkZjk1N2MtYjdmNC00ZTNiLWE1OGQtOTNhZjAyOTZjZmNhfHJlYWQtd3JpdGU=
    at Timeout._onTimeout (C:\Users\Disto\OneDrive\Рабочий стол\Projects\cv\.nx\cache\cloud\2401.03.1\lib\daemon\process-run-end.js:16:5434)
    at process.processTicksAndRejections (node:internal/process/task_queues:95:5)
[NX Daemon Server] - 2024-01-16T01:23:23.743Z - [WATCHER]: Processing file changes in outputs
[NX Daemon Server] - 2024-01-16T01:23:23.746Z - [WATCHER]: .gitignore was modified
[NX Daemon Server] - 2024-01-16T01:23:23.746Z - [WATCHER]: Stopping the watcher for c:\Users\Disto\OneDrive\Рабочий стол\Projects\cv (sources)
[NX Daemon Server] - 2024-01-16T01:23:23.746Z - [WATCHER]: Stopping the watcher for c:\Users\Disto\OneDrive\Рабочий стол\Projects\cv (outputs)
[NX Daemon Server] - 2024-01-16T01:23:23.746Z - Server stopped because: "Stopping the daemon the set of ignored files changed (native)"
